<?xml version="1.0" encoding="UTF-8"?>
<testsuite name="censusanalyser.CensusAnalyserTest" tests="1" skipped="0" failures="0" errors="0" timestamp="2019-12-12T05:03:32" hostname="admin165-desktop" time="0.053">
  <properties/>
  <testcase name="givenUSCesusData_withWrongeFile_shouldThrowmException" classname="censusanalyser.CensusAnalyserTest" time="0.053"/>
  <system-out><![CDATA[]]></system-out>
  <system-err><![CDATA[]]></system-err>
</testsuite>
