<?xml version="1.0" encoding="UTF-8"?>
<testsuite name="censusanalyser.CensusAnalyserTest" tests="1" skipped="0" failures="0" errors="0" timestamp="2019-12-13T10:16:35" hostname="admin165-desktop" time="0.19">
  <properties/>
  <testcase name="givenUSStateCensusData_whenSortedOnAreaByDesendingOrder_shouldReturnResult" classname="censusanalyser.CensusAnalyserTest" time="0.19"/>
  <system-out><![CDATA[]]></system-out>
  <system-err><![CDATA[]]></system-err>
</testsuite>
