<?xml version="1.0" encoding="UTF-8"?>
<testsuite name="censusanalyser.CensusAnalyserTest" tests="1" skipped="0" failures="0" errors="0" timestamp="2019-12-11T13:45:57" hostname="admin165-desktop" time="0.125">
  <properties/>
  <testcase name="givenIndiaStateData_withIncorrectHeader_shouldThrowException" classname="censusanalyser.CensusAnalyserTest" time="0.125"/>
  <system-out><![CDATA[]]></system-out>
  <system-err><![CDATA[]]></system-err>
</testsuite>
