<?xml version="1.0" encoding="UTF-8"?>
<testsuite name="censusanalyser.CensusAnalyserTest" tests="1" skipped="0" failures="0" errors="0" timestamp="2019-12-13T09:30:14" hostname="admin165-desktop" time="120.033">
  <properties/>
  <testcase name="givenIndiaStateCensusData_whenSortedOnDensity_shouldReturnResult" classname="censusanalyser.CensusAnalyserTest" time="120.033"/>
  <system-out><![CDATA[]]></system-out>
  <system-err><![CDATA[]]></system-err>
</testsuite>
