<?xml version="1.0" encoding="UTF-8"?>
<testsuite name="censusanalyser.CensusAnalyserTest" tests="1" skipped="0" failures="0" errors="0" timestamp="2019-12-09T11:18:19" hostname="admin165-desktop" time="0.199">
  <properties/>
  <testcase name="givenIndianStateCensus_whenSortedOnState_shouldeReturnResult" classname="censusanalyser.CensusAnalyserTest" time="0.199"/>
  <system-out><![CDATA[]]></system-out>
  <system-err><![CDATA[]]></system-err>
</testsuite>
